app/build/intermediates/manifest_merge_blame_file/debug/manifest-merger-blame-debug-report.txt
1<?xml version="1.0" encoding="utf-8"?>
2<manifest xmlns:android="http://schemas.android.com/apk/res/android"
3    package="com.github.dachhack.sprout"
4    android:installLocation="auto"
5    android:versionCode="27"
6    android:versionName="0.2.8" >
7
8    <uses-sdk
8-->src\main\AndroidManifest.xml:10:2-12:37
9        android:minSdkVersion="8"
9-->src\main\AndroidManifest.xml:11:6-31
10        android:targetSdkVersion="23" />
10-->src\main\AndroidManifest.xml:12:6-35
11
12    <uses-permission android:name="android.permission.VIBRATE" />
12-->src\main\AndroidManifest.xml:8:5-65
12-->src\main\AndroidManifest.xml:8:22-63
13
14    <uses-feature android:glEsVersion="0x00020000" />
14-->src\main\AndroidManifest.xml:14:2-15:40
14-->src\main\AndroidManifest.xml:15:6-38
15
16    <supports-screens
16-->src\main\AndroidManifest.xml:17:2-20:35
17        android:largeScreens="true"
17-->src\main\AndroidManifest.xml:20:6-33
18        android:normalScreens="true"
18-->src\main\AndroidManifest.xml:19:6-34
19        android:smallScreens="false" />
19-->src\main\AndroidManifest.xml:18:6-34
20
21    <!-- android:xlargeScreens="true" -->
22    <application
22-->src\main\AndroidManifest.xml:23:2-37:16
23        android:allowBackup="false"
23-->src\main\AndroidManifest.xml:27:3-30
24        android:debuggable="true"
25        android:icon="@drawable/ic_launcher"
25-->src\main\AndroidManifest.xml:24:3-39
26        android:label="@string/app_name"
26-->src\main\AndroidManifest.xml:25:3-35
27        android:theme="@android:style/Theme.Black.NoTitleBar.Fullscreen" >
27-->src\main\AndroidManifest.xml:26:3-67
28        <activity
28-->src\main\AndroidManifest.xml:28:3-35:14
29            android:name="com.github.dachhack.sprout.ShatteredPixelDungeon"
29-->src\main\AndroidManifest.xml:29:5-42
30            android:exported="true"
30-->src\main\AndroidManifest.xml:30:42-65
31            android:screenOrientation="portrait" >
31-->src\main\AndroidManifest.xml:30:5-41
32            <intent-filter>
32-->src\main\AndroidManifest.xml:31:4-34:20
33                <action android:name="android.intent.action.MAIN" />
33-->src\main\AndroidManifest.xml:32:5-57
33-->src\main\AndroidManifest.xml:32:13-54
34
35                <category android:name="android.intent.category.LAUNCHER" />
35-->src\main\AndroidManifest.xml:33:5-65
35-->src\main\AndroidManifest.xml:33:15-62
36            </intent-filter>
37        </activity>
38    </application>
39
40</manifest>